<?xml version="1.0" encoding="UTF-8"?>
<!-- Generated by org.testng.reporters.JUnitReportReporter -->
<testsuite hostname="DESKTOP-JCE9V8H" failures="0" tests="3" name="akhiraacademy.Tests.FinalSolution" time="13.382" errors="0" timestamp="2025-09-29T14:28:08 IST" skipped="0">
  <testcase classname="akhiraacademy.Tests.FinalSolution" name="submitOrder" time="5.398"/>
  <testcase classname="akhiraacademy.Tests.FinalSolution" name="LogoutApplication" time="1.314"/>
  <testcase classname="akhiraacademy.Tests.FinalSolution" name="submitOrder" time="6.670"/>
</testsuite> <!-- akhiraacademy.Tests.FinalSolution -->
