<?xml version="1.0" encoding="UTF-8"?>
<!-- Generated by org.testng.reporters.JUnitReportReporter -->
<testsuite hostname="DESKTOP-JCE9V8H" failures="0" tests="2" name="akhiraacademy.Tests.ErrorValidations" time="7.362" errors="0" timestamp="2025-09-29T10:10:38 IST" skipped="0">
  <testcase classname="akhiraacademy.Tests.ErrorValidations" name="LoginErrorValidation" time="4.591"/>
  <testcase classname="akhiraacademy.Tests.ErrorValidations" name="ProductErrorValidation" time="2.771"/>
</testsuite> <!-- akhiraacademy.Tests.ErrorValidations -->
