<?xml version="1.0" encoding="UTF-8"?>
<!-- Generated by org.testng.reporters.JUnitReportReporter -->
<testsuite hostname="DESKTOP-JCE9V8H" failures="0" tests="3" name="akhiraacademy.Tests.FinalSolutionJson" time="15.580" errors="0" timestamp="2025-09-29T14:27:19 IST" skipped="0">
  <testcase classname="akhiraacademy.Tests.FinalSolutionJson" name="submitOrder" time="5.330"/>
  <testcase classname="akhiraacademy.Tests.FinalSolutionJson" name="LogoutApplication" time="1.348"/>
  <testcase classname="akhiraacademy.Tests.FinalSolutionJson" name="submitOrder" time="8.902"/>
</testsuite> <!-- akhiraacademy.Tests.FinalSolutionJson -->
