<?xml version="1.0" encoding="UTF-8"?>
<!-- Generated by org.testng.reporters.JUnitReportReporter -->
<testsuite hostname="DESKTOP-JCE9V8H" failures="0" tests="1" name="restAssured.ExcelDriven" time="9.776" errors="0" timestamp="2025-09-28T17:44:43 IST" skipped="0">
  <testcase classname="restAssured.ExcelDriven" name="postDataXML" time="9.776"/>
</testsuite> <!-- restAssured.ExcelDriven -->
