<?xml version="1.0" encoding="UTF-8"?>
<!-- Generated by org.testng.reporters.JUnitReportReporter -->
<testsuite hostname="DESKTOP-JCE9V8H" failures="0" tests="1" name="coreJava.CollectionDemo" time="0.153" errors="0" timestamp="2025-09-28T20:46:49 IST" skipped="0">
  <testcase classname="coreJava.CollectionDemo" name="demoCollections" time="0.153"/>
</testsuite> <!-- coreJava.CollectionDemo -->
