<?xml version="1.0" encoding="UTF-8"?>
<!-- Generated by org.testng.reporters.JUnitReportReporter -->
<testsuite hostname="DESKTOP-JCE9V8H" failures="0" tests="3" name="akhiraacademy.Tests.FinalSolution" time="13.914" errors="0" timestamp="2025-09-29T19:36:58 IST" skipped="0">
  <testcase classname="akhiraacademy.Tests.FinalSolution" name="submitOrder" time="5.580"/>
  <testcase classname="akhiraacademy.Tests.FinalSolution" name="LogoutApplication" time="1.352"/>
  <testcase classname="akhiraacademy.Tests.FinalSolution" name="submitOrder" time="6.982"/>
</testsuite> <!-- akhiraacademy.Tests.FinalSolution -->
