<?xml version="1.0" encoding="UTF-8"?>
<!-- Generated by org.testng.reporters.JUnitReportReporter -->
<testsuite hostname="DESKTOP-JCE9V8H" failures="0" tests="3" name="akhiraacademy.Tests.FinalSolutionJson" time="13.383" errors="0" timestamp="2025-09-29T19:36:58 IST" skipped="0">
  <testcase classname="akhiraacademy.Tests.FinalSolutionJson" name="submitOrder" time="5.515"/>
  <testcase classname="akhiraacademy.Tests.FinalSolutionJson" name="LogoutApplication" time="1.359"/>
  <testcase classname="akhiraacademy.Tests.FinalSolutionJson" name="submitOrder" time="6.509"/>
</testsuite> <!-- akhiraacademy.Tests.FinalSolutionJson -->
