<?xml version="1.0" encoding="UTF-8"?>
<!-- Generated by org.testng.reporters.JUnitReportReporter -->
<testsuite hostname="DESKTOP-JCE9V8H" failures="0" tests="3" name="akhiraacademy.Tests.FinalSolution" time="12.948" errors="0" timestamp="2025-09-29T14:32:14 IST" skipped="0">
  <testcase classname="akhiraacademy.Tests.FinalSolution" name="LogoutApplication" time="1.322"/>
  <testcase classname="akhiraacademy.Tests.FinalSolution" name="submitOrder" time="6.244"/>
  <testcase classname="akhiraacademy.Tests.FinalSolution" name="submitOrder" time="5.382"/>
</testsuite> <!-- akhiraacademy.Tests.FinalSolution -->
