<?xml version="1.0" encoding="UTF-8"?>
<!-- Generated by org.testng.reporters.JUnitReportReporter -->
<testsuite hostname="DESKTOP-JCE9V8H" failures="0" tests="2" name="seleniuminterview.DemoTestNG" time="0.010" errors="0" timestamp="2025-09-29T19:36:58 IST" skipped="0">
  <testcase classname="seleniuminterview.DemoTestNG" name="DemoTest2" time="0.007"/>
  <testcase classname="seleniuminterview.DemoTestNG" name="DemoTest" time="0.003"/>
</testsuite> <!-- seleniuminterview.DemoTestNG -->
