<?xml version="1.0" encoding="UTF-8"?>
<!-- Generated by org.testng.reporters.JUnitReportReporter -->
<testsuite hostname="DESKTOP-JCE9V8H" failures="0" tests="3" name="akhiraacademy.Tests.FinalSolutionJson" time="13.137" errors="0" timestamp="2025-09-29T14:32:14 IST" skipped="0">
  <testcase classname="akhiraacademy.Tests.FinalSolutionJson" name="submitOrder" time="5.555"/>
  <testcase classname="akhiraacademy.Tests.FinalSolutionJson" name="LogoutApplication" time="1.308"/>
  <testcase classname="akhiraacademy.Tests.FinalSolutionJson" name="submitOrder" time="6.274"/>
</testsuite> <!-- akhiraacademy.Tests.FinalSolutionJson -->
